[00:14:30] 업로드완료 | ID:1237 | 예약:01:14 | 마케팅 AX 전문 개발사 루멕스, 직장인 부업 겨냥 ‘
[00:14:37] 업로드완료 | ID:1238 | 예약:02:14 | SK하이닉스, 美나스닥 화려한 데뷔…40조 조달로 ‘A
[00:14:44] 업로드완료 | ID:1239 | 예약:03:14 | “또 사이드카”…현기증 나는 증시, 코스피·코스닥 동시
[00:14:49] 업로드완료 | ID:1240 | 예약:04:14 | ‘금리의 모든 것’ 풀어쓴 저자가 조언한 고금리 시대 
[00:14:57] 업로드완료 | ID:1241 | 예약:05:14 | “오픈AI·구글, 블랙리스트 中 기업에 첨단 AI 모델
[01:30:53] 업로드완료 | ID:1242 | 예약:01:35 | SK하이닉스 美증시 화려한 데뷔
[01:32:29] 업로드완료 | ID:1243 | 예약:02:35 | 진주 K-기업가정신 청년포럼
[01:33:51] 업로드완료 | ID:1244 | 예약:03:35 | K-기업가정신 청년포럼
[01:35:23] 업로드완료 | ID:1245 | 예약:04:35 | K-기업가정신 청년포럼
[01:36:52] 업로드완료 | ID:1247 | 예약:05:35 | 나경원, ‘노란봉투법 재개정안’ 발의…“대법 판결로 입
[07:16:07] 업로드완료 | ID:1265 | 예약:07:20 | 진주 K-기업가정신 청년포럼
[07:17:37] 업로드완료 | ID:1268 | 예약:08:20 | K-기업가정신 청년포럼
[07:19:07] 업로드완료 | ID:1271 | 예약:09:20 | K-기업가정신 청년포럼
[07:20:37] 업로드완료 | ID:1275 | 예약:10:20 | 나경원, ‘노란봉투법 재개정안’ 발의…“대법 판결로 입
[07:22:08] 업로드완료 | ID:1278 | 예약:11:20 | 中, 반도체 소재 '헬륨' … 수출 금지 조치 시행
[13:11:01] 업로드완료 | ID:1289 | 예약:13:15 | [르포] 백화점 아래 반도체 요람…카이스트 사이언스 허
[13:12:31] 업로드완료 | ID:1292 | 예약:14:15 | [머니플로우] 개미들 '실탄' 떨어졌나…투자자예탁금 1
[13:14:01] 업로드완료 | ID:1295 | 예약:15:15 | 한국예탁결제원 증권박물관 인기…누적 관람객 5만명
[13:15:31] 업로드완료 | ID:1299 | 예약:16:15 | “반도체주 떨어졌다고요? 3배로 베팅”…레버리지 싹쓸이
[13:17:02] 업로드완료 | ID:1302 | 예약:17:15 | 시장 혼돈 키우는 ‘정책실장 입’… 대출 막고 증시 불
[18:13:01] 업로드완료 | ID:1340 | 예약:20:00 | [르포] 백화점 아래 반도체 요람…카이스트 사이언스 허
[18:14:26] 업로드완료 | ID:1343 | 예약:21:00 | [머니플로우] 개미들 '실탄' 떨어졌나…투자자예탁금 1
[18:15:55] 업로드완료 | ID:1346 | 예약:22:00 | 한국예탁결제원 증권박물관 인기…누적 관람객 5만명
[18:17:27] 업로드완료 | ID:1349 | 예약:23:00 | “반도체주 떨어졌다고요? 3배로 베팅”…레버리지 싹쓸이
[18:18:59] 업로드완료 | ID:1352 | 예약:00:00 | 시장 혼돈 키우는 ‘정책실장 입’… 대출 막고 증시 불
