[00:00:33] 생성완료 | 마케팅 AX 전문 개발사 루멕스, 직장인 부업 겨냥 ‘AI 블로그 수익화 | 2170자
[00:00:50] 생성완료 | SK하이닉스, 美나스닥 화려한 데뷔…40조 조달로 ‘AI 메모리’ 승부수 | 2098자
[00:01:17] 생성완료 | “또 사이드카”…현기증 나는 증시, 코스피·코스닥 동시 발동 | 1710자
[00:01:39] 생성완료 | ‘금리의 모든 것’ 풀어쓴 저자가 조언한 고금리 시대 투자법은? [김유신 | 1728자
[00:02:00] 생성완료 | “오픈AI·구글, 블랙리스트 中 기업에 첨단 AI 모델 사용 허용” | 2095자
[00:03:56] 생성완료 | 은행들, 李정부 청년미래적금 나오자…尹때 청년도약계좌 금리 1.5%p 내 | 2892자
[00:05:35] 생성완료 | 은행들, 李정부 청년미래적금 나오자…尹때 청년도약계좌 금리 1.5%p 내 | 4614자
[00:09:22] 생성완료 | 은행들, 李정부 청년미래적금 나오자…尹때 청년도약계좌 금리 1.5%p 내 | 9957자
[00:10:00] 생성완료 | 삼성전자, AI PC용 가속기 개발… 엔비디아·퀄컴과 경쟁 | 9380자
[00:10:59] 생성완료 | [속보]靑 “삼전·닉스 단일종목 레버리지 필요시 보완…F4회의서 살필 것 | 6886자
[00:12:18] 생성완료 | [1인가구 재테크] 미 연준 금리 또 동결…내 대출금리는 언제 내려가나  | 8085자
[00:12:50] 생성완료 | 은행 예·적금 이자율보다 높은 독서 재테크, 책 읽고 돈 버는 일석이조  | 7407자
[01:21:32] 완료 | 13733자 | SK하이닉스 美증시 화려한 데뷔
[01:23:27] 완료 | 13021자 | 진주 K-기업가정신 청년포럼
[01:25:25] 완료 | 13577자 | K-기업가정신 청년포럼
[01:27:29] 완료 | 13352자 | K-기업가정신 청년포럼
[01:29:56] 완료 | 15938자 | 나경원, ‘노란봉투법 재개정안’ 발의…“대법 판결로 입법 근거 상실”
[07:09:17] 완료 | 8067자 | 진주 K-기업가정신 청년포럼
[07:10:47] 완료 | 8316자 | K-기업가정신 청년포럼
[07:12:13] 완료 | 8141자 | K-기업가정신 청년포럼
[07:13:45] 완료 | 9107자 | 나경원, ‘노란봉투법 재개정안’ 발의…“대법 판결로 입법 근거 상실”
[07:15:06] 완료 | 8123자 | 中, 반도체 소재 '헬륨' … 수출 금지 조치 시행
[08:23:21] 완료 | 10219자 | [르포] 백화점 아래 반도체 요람…카이스트 사이언스 허브 4주년
[08:24:49] 완료 | 8915자 | [머니플로우] 개미들 '실탄' 떨어졌나…투자자예탁금 100조원도 '위태'
[08:26:26] 완료 | 9135자 | 한국예탁결제원 증권박물관 인기…누적 관람객 5만명
[08:27:52] 완료 | 8177자 | “반도체주 떨어졌다고요? 3배로 베팅”…레버리지 싹쓸이한 서학개미
[08:29:25] 완료 | 8915자 | 시장 혼돈 키우는 ‘정책실장 입’… 대출 막고 증시 불안 가져왔다
[13:04:24] 완료 | 9077자 | [르포] 백화점 아래 반도체 요람…카이스트 사이언스 허브 4주년
[13:05:55] 완료 | 8112자 | [머니플로우] 개미들 '실탄' 떨어졌나…투자자예탁금 100조원도 '위태'
[13:07:25] 완료 | 8859자 | 한국예탁결제원 증권박물관 인기…누적 관람객 5만명
[13:08:47] 완료 | 8571자 | “반도체주 떨어졌다고요? 3배로 베팅”…레버리지 싹쓸이한 서학개미
[13:10:02] 완료 | 7935자 | 시장 혼돈 키우는 ‘정책실장 입’… 대출 막고 증시 불안 가져왔다
[18:04:56] 완료 | 9291자 | [르포] 백화점 아래 반도체 요람…카이스트 사이언스 허브 4주년
[18:06:42] 완료 | 10210자 | [머니플로우] 개미들 '실탄' 떨어졌나…투자자예탁금 100조원도 '위태'
[18:08:08] 완료 | 9726자 | 한국예탁결제원 증권박물관 인기…누적 관람객 5만명
[18:09:54] 완료 | 9552자 | “반도체주 떨어졌다고요? 3배로 베팅”…레버리지 싹쓸이한 서학개미
[18:11:55] 완료 | 12748자 | 시장 혼돈 키우는 ‘정책실장 입’… 대출 막고 증시 불안 가져왔다
